09. Total Expense Income and Balance/app/build/intermediates/manifest_merge_blame_file/debug/manifest-merger-blame-debug-report.txt
1<?xml version="1.0" encoding="utf-8"?>
2<manifest xmlns:android="http://schemas.android.com/apk/res/android"
3    package="com.example.saku20"
4    android:versionCode="1"
5    android:versionName="1.0" >
6
7    <uses-sdk
8        android:minSdkVersion="24"
8-->src/main/AndroidManifest.xml
9        android:targetSdkVersion="33" />
9-->src/main/AndroidManifest.xml
10
11    <uses-permission android:name="android.permission.INTERNET" />
11-->[com.google.firebase:firebase-auth:21.1.0] AndroidManifest.xml:23:5-67
11-->[com.google.firebase:firebase-auth:21.1.0] AndroidManifest.xml:23:22-64
12    <uses-permission android:name="android.permission.ACCESS_NETWORK_STATE" />
12-->[com.google.firebase:firebase-auth:21.1.0] AndroidManifest.xml:24:5-79
12-->[com.google.firebase:firebase-auth:21.1.0] AndroidManifest.xml:24:22-76
13
14    <permission
14-->[androidx.core:core:1.9.0] AndroidManifest.xml:22:5-24:47
15        android:name="com.example.saku20.DYNAMIC_RECEIVER_NOT_EXPORTED_PERMISSION"
15-->[androidx.core:core:1.9.0] AndroidManifest.xml:23:9-81
16        android:protectionLevel="signature" />
16-->[androidx.core:core:1.9.0] AndroidManifest.xml:24:9-44
17
18    <uses-permission android:name="com.example.saku20.DYNAMIC_RECEIVER_NOT_EXPORTED_PERMISSION" />
18-->[androidx.core:core:1.9.0] AndroidManifest.xml:26:5-97
18-->[androidx.core:core:1.9.0] AndroidManifest.xml:26:22-94
19
20    <application
20-->src/main/AndroidManifest.xml:5:5-33:19
21        android:allowBackup="true"
21-->src/main/AndroidManifest.xml:6:9-35
22        android:appComponentFactory="androidx.core.app.CoreComponentFactory"
22-->[androidx.core:core:1.9.0] AndroidManifest.xml:28:18-86
23        android:dataExtractionRules="@xml/data_extraction_rules"
23-->src/main/AndroidManifest.xml:7:9-65
24        android:debuggable="true"
25        android:extractNativeLibs="false"
26        android:fullBackupContent="@xml/backup_rules"
26-->src/main/AndroidManifest.xml:8:9-54
27        android:icon="@mipmap/ic_launcher"
27-->src/main/AndroidManifest.xml:9:9-43
28        android:label="@string/app_name"
28-->src/main/AndroidManifest.xml:10:9-41
29        android:roundIcon="@mipmap/ic_launcher_round"
29-->src/main/AndroidManifest.xml:11:9-54
30        android:supportsRtl="true"
30-->src/main/AndroidManifest.xml:12:9-35
31        android:testOnly="true"
32        android:theme="@style/Theme.SaKu20" >
32-->src/main/AndroidManifest.xml:13:9-44
33        <activity
33-->src/main/AndroidManifest.xml:15:9-17:40
34            android:name="com.example.saku20.AddTransactionActivity"
34-->src/main/AndroidManifest.xml:16:13-51
35            android:exported="false" />
35-->src/main/AndroidManifest.xml:17:13-37
36        <activity
36-->src/main/AndroidManifest.xml:18:9-20:40
37            android:name="com.example.saku20.DashboardActivity"
37-->src/main/AndroidManifest.xml:19:13-46
38            android:exported="false" />
38-->src/main/AndroidManifest.xml:20:13-37
39        <activity
39-->src/main/AndroidManifest.xml:21:9-23:40
40            android:name="com.example.saku20.SignUpActivity"
40-->src/main/AndroidManifest.xml:22:13-43
41            android:exported="false" />
41-->src/main/AndroidManifest.xml:23:13-37
42        <activity
42-->src/main/AndroidManifest.xml:24:9-32:20
43            android:name="com.example.saku20.MainActivity"
43-->src/main/AndroidManifest.xml:25:13-41
44            android:exported="true" >
44-->src/main/AndroidManifest.xml:26:13-36
45            <intent-filter>
45-->src/main/AndroidManifest.xml:27:13-31:29
46                <action android:name="android.intent.action.MAIN" />
46-->src/main/AndroidManifest.xml:28:17-69
46-->src/main/AndroidManifest.xml:28:25-66
47
48                <category android:name="android.intent.category.LAUNCHER" />
48-->src/main/AndroidManifest.xml:30:17-77
48-->src/main/AndroidManifest.xml:30:27-74
49            </intent-filter>
50        </activity>
51        <activity
51-->[com.google.firebase:firebase-auth:21.1.0] AndroidManifest.xml:27:9-44:20
52            android:name="com.google.firebase.auth.internal.GenericIdpActivity"
52-->[com.google.firebase:firebase-auth:21.1.0] AndroidManifest.xml:28:13-80
53            android:excludeFromRecents="true"
53-->[com.google.firebase:firebase-auth:21.1.0] AndroidManifest.xml:29:13-46
54            android:exported="true"
54-->[com.google.firebase:firebase-auth:21.1.0] AndroidManifest.xml:30:13-36
55            android:launchMode="singleTask"
55-->[com.google.firebase:firebase-auth:21.1.0] AndroidManifest.xml:31:13-44
56            android:theme="@android:style/Theme.Translucent.NoTitleBar" >
56-->[com.google.firebase:firebase-auth:21.1.0] AndroidManifest.xml:32:13-72
57            <intent-filter>
57-->[com.google.firebase:firebase-auth:21.1.0] AndroidManifest.xml:33:13-43:29
58                <action android:name="android.intent.action.VIEW" />
58-->[com.google.firebase:firebase-auth:21.1.0] AndroidManifest.xml:34:17-69
58-->[com.google.firebase:firebase-auth:21.1.0] AndroidManifest.xml:34:25-66
59
60                <category android:name="android.intent.category.DEFAULT" />
60-->[com.google.firebase:firebase-auth:21.1.0] AndroidManifest.xml:36:17-76
60-->[com.google.firebase:firebase-auth:21.1.0] AndroidManifest.xml:36:27-73
61                <category android:name="android.intent.category.BROWSABLE" />
61-->[com.google.firebase:firebase-auth:21.1.0] AndroidManifest.xml:37:17-78
61-->[com.google.firebase:firebase-auth:21.1.0] AndroidManifest.xml:37:27-75
62
63                <data
63-->[com.google.firebase:firebase-auth:21.1.0] AndroidManifest.xml:39:17-42:51
64                    android:host="firebase.auth"
64-->[com.google.firebase:firebase-auth:21.1.0] AndroidManifest.xml:40:21-49
65                    android:path="/"
65-->[com.google.firebase:firebase-auth:21.1.0] AndroidManifest.xml:41:21-37
66                    android:scheme="genericidp" />
66-->[com.google.firebase:firebase-auth:21.1.0] AndroidManifest.xml:42:21-48
67            </intent-filter>
68        </activity>
69        <activity
69-->[com.google.firebase:firebase-auth:21.1.0] AndroidManifest.xml:45:9-62:20
70            android:name="com.google.firebase.auth.internal.RecaptchaActivity"
70-->[com.google.firebase:firebase-auth:21.1.0] AndroidManifest.xml:46:13-79
71            android:excludeFromRecents="true"
71-->[com.google.firebase:firebase-auth:21.1.0] AndroidManifest.xml:47:13-46
72            android:exported="true"
72-->[com.google.firebase:firebase-auth:21.1.0] AndroidManifest.xml:48:13-36
73            android:launchMode="singleTask"
73-->[com.google.firebase:firebase-auth:21.1.0] AndroidManifest.xml:49:13-44
74            android:theme="@android:style/Theme.Translucent.NoTitleBar" >
74-->[com.google.firebase:firebase-auth:21.1.0] AndroidManifest.xml:50:13-72
75            <intent-filter>
75-->[com.google.firebase:firebase-auth:21.1.0] AndroidManifest.xml:51:13-61:29
76                <action android:name="android.intent.action.VIEW" />
76-->[com.google.firebase:firebase-auth:21.1.0] AndroidManifest.xml:34:17-69
76-->[com.google.firebase:firebase-auth:21.1.0] AndroidManifest.xml:34:25-66
77
78                <category android:name="android.intent.category.DEFAULT" />
78-->[com.google.firebase:firebase-auth:21.1.0] AndroidManifest.xml:36:17-76
78-->[com.google.firebase:firebase-auth:21.1.0] AndroidManifest.xml:36:27-73
79                <category android:name="android.intent.category.BROWSABLE" />
79-->[com.google.firebase:firebase-auth:21.1.0] AndroidManifest.xml:37:17-78
79-->[com.google.firebase:firebase-auth:21.1.0] AndroidManifest.xml:37:27-75
80
81                <data
81-->[com.google.firebase:firebase-auth:21.1.0] AndroidManifest.xml:39:17-42:51
82                    android:host="firebase.auth"
82-->[com.google.firebase:firebase-auth:21.1.0] AndroidManifest.xml:40:21-49
83                    android:path="/"
83-->[com.google.firebase:firebase-auth:21.1.0] AndroidManifest.xml:41:21-37
84                    android:scheme="recaptcha" />
84-->[com.google.firebase:firebase-auth:21.1.0] AndroidManifest.xml:42:21-48
85            </intent-filter>
86        </activity>
87
88        <service
88-->[com.google.firebase:firebase-auth:21.1.0] AndroidManifest.xml:64:9-70:19
89            android:name="com.google.firebase.components.ComponentDiscoveryService"
89-->[com.google.firebase:firebase-auth:21.1.0] AndroidManifest.xml:65:13-84
90            android:directBootAware="true"
90-->[com.google.firebase:firebase-common:20.2.0] AndroidManifest.xml:34:13-43
91            android:exported="false" >
91-->[com.google.firebase:firebase-auth:21.1.0] AndroidManifest.xml:66:13-37
92            <meta-data
92-->[com.google.firebase:firebase-auth:21.1.0] AndroidManifest.xml:67:13-69:85
93                android:name="com.google.firebase.components:com.google.firebase.auth.FirebaseAuthRegistrar"
93-->[com.google.firebase:firebase-auth:21.1.0] AndroidManifest.xml:68:17-109
94                android:value="com.google.firebase.components.ComponentRegistrar" />
94-->[com.google.firebase:firebase-auth:21.1.0] AndroidManifest.xml:69:17-82
95            <meta-data
95-->[com.google.firebase:firebase-firestore:24.4.1] AndroidManifest.xml:19:13-21:85
96                android:name="com.google.firebase.components:com.google.firebase.firestore.FirestoreRegistrar"
96-->[com.google.firebase:firebase-firestore:24.4.1] AndroidManifest.xml:20:17-111
97                android:value="com.google.firebase.components.ComponentRegistrar" />
97-->[com.google.firebase:firebase-firestore:24.4.1] AndroidManifest.xml:21:17-82
98        </service>
99
100        <provider
100-->[com.google.firebase:firebase-common:20.2.0] AndroidManifest.xml:25:9-30:39
101            android:name="com.google.firebase.provider.FirebaseInitProvider"
101-->[com.google.firebase:firebase-common:20.2.0] AndroidManifest.xml:26:13-77
102            android:authorities="com.example.saku20.firebaseinitprovider"
102-->[com.google.firebase:firebase-common:20.2.0] AndroidManifest.xml:27:13-72
103            android:directBootAware="true"
103-->[com.google.firebase:firebase-common:20.2.0] AndroidManifest.xml:28:13-43
104            android:exported="false"
104-->[com.google.firebase:firebase-common:20.2.0] AndroidManifest.xml:29:13-37
105            android:initOrder="100" />
105-->[com.google.firebase:firebase-common:20.2.0] AndroidManifest.xml:30:13-36
106
107        <activity
107-->[com.google.android.gms:play-services-base:18.0.1] AndroidManifest.xml:20:9-22:45
108            android:name="com.google.android.gms.common.api.GoogleApiActivity"
108-->[com.google.android.gms:play-services-base:18.0.1] AndroidManifest.xml:20:19-85
109            android:exported="false"
109-->[com.google.android.gms:play-services-base:18.0.1] AndroidManifest.xml:22:19-43
110            android:theme="@android:style/Theme.Translucent.NoTitleBar" />
110-->[com.google.android.gms:play-services-base:18.0.1] AndroidManifest.xml:21:19-78
111
112        <meta-data
112-->[com.google.android.gms:play-services-basement:18.1.0] AndroidManifest.xml:21:9-23:69
113            android:name="com.google.android.gms.version"
113-->[com.google.android.gms:play-services-basement:18.1.0] AndroidManifest.xml:22:13-58
114            android:value="@integer/google_play_services_version" />
114-->[com.google.android.gms:play-services-basement:18.1.0] AndroidManifest.xml:23:13-66
115
116        <provider
116-->[androidx.emoji2:emoji2:1.2.0] AndroidManifest.xml:24:9-32:20
117            android:name="androidx.startup.InitializationProvider"
117-->[androidx.emoji2:emoji2:1.2.0] AndroidManifest.xml:25:13-67
118            android:authorities="com.example.saku20.androidx-startup"
118-->[androidx.emoji2:emoji2:1.2.0] AndroidManifest.xml:26:13-68
119            android:exported="false" >
119-->[androidx.emoji2:emoji2:1.2.0] AndroidManifest.xml:27:13-37
120            <meta-data
120-->[androidx.emoji2:emoji2:1.2.0] AndroidManifest.xml:29:13-31:52
121                android:name="androidx.emoji2.text.EmojiCompatInitializer"
121-->[androidx.emoji2:emoji2:1.2.0] AndroidManifest.xml:30:17-75
122                android:value="androidx.startup" />
122-->[androidx.emoji2:emoji2:1.2.0] AndroidManifest.xml:31:17-49
123            <meta-data
123-->[androidx.lifecycle:lifecycle-process:2.4.1] AndroidManifest.xml:31:13-33:52
124                android:name="androidx.lifecycle.ProcessLifecycleInitializer"
124-->[androidx.lifecycle:lifecycle-process:2.4.1] AndroidManifest.xml:32:17-78
125                android:value="androidx.startup" />
125-->[androidx.lifecycle:lifecycle-process:2.4.1] AndroidManifest.xml:33:17-49
126        </provider>
127    </application>
128
129</manifest>